[main] INFO WermuthImporter - running task:ch.persi.java.vino.importers.wermuth.format2015.Wermuth2015ImportTask@752325ad
[main] INFO Wermuth2015ImportTask - Start import of file:WZ-256_12032016_Resultate.pdf
[main] INFO Wermuth2015ImportTask - Received '3639' lines out of the PDF file !
[main] DEBUG Wermuth2015ImportTask - Working on line: Wermuth Auktionen – Resultate WZ 256 – Samstag, 12. März 2016
[main] DEBUG Wermuth2015ImportTask - Working on line: Lot Wein Menge Einheit Schätzung Zuschlag
[main] DEBUG Wermuth2015ImportTask - Working on line: 1 Grands Échezeaux, AC/MO, Côte de Nuits, Grand
[main] DEBUG Wermuth2015ImportTask - Working on line: cru, Domaine Monegard-Mugneret
[main] DEBUG Wermuth2015ImportTask - Working on line: 6 Flaschen, 2005, OHK pro Lot CHF 1200-1800 CHF   980.00
[main] DEBUG Wermuth2015ImportTask - Working on line: 2 Château Brane-Cantenac, AC/MC, Margaux, 2e grand
[main] DEBUG Wermuth2015ImportTask - Working on line: cru classé
[main] DEBUG Wermuth2015ImportTask - Working on line: 1 Dutzend Flaschen, 2011,
[main] DEBUG Wermuth2015ImportTask - Working on line: OHK
[main] DEBUG Wermuth2015ImportTask - Working on line: pro Dz. CHF 360-480 CHF   380.00
[main] DEBUG Wermuth2015ImportTask - Working on line: 3 Château Kirwan, AC/MC, Margaux, 3e grand cru
[main] DEBUG Wermuth2015ImportTask - Working on line: classé
[main] DEBUG Wermuth2015ImportTask - Working on line: 1 Dutzend Flaschen, 2005,
[main] DEBUG Wermuth2015ImportTask - Working on line: OHK
[main] DEBUG Wermuth2015ImportTask - Working on line: pro Dz. CHF 480-720 CHF   400.00
[main] DEBUG Wermuth2015ImportTask - Working on line: 4 Château Pichon Baron, AC/MC, Pauillac, 2e grand
[main] DEBUG Wermuth2015ImportTask - Working on line: cru classé
[main] DEBUG Wermuth2015ImportTask - Working on line: 1 Dutzend Flaschen, 2010,
[main] DEBUG Wermuth2015ImportTask - Working on line: OHK
[main] DEBUG Wermuth2015ImportTask - Working on line: pro Dz. CHF 1560-2100 CHF 1 400.00
[main] DEBUG Wermuth2015ImportTask - Working on line: 5 Château Pontet Canet, AC/MC, Pauillac, 5e grand
[main] DEBUG Wermuth2015ImportTask - Working on line: cru classé
[main] DEBUG Wermuth2015ImportTask - Working on line: 1 Dutzend Flaschen, 1996,
[main] DEBUG Wermuth2015ImportTask - Working on line: OHK
[main] DEBUG Wermuth2015ImportTask - Working on line: pro Dz. CHF 720-960 CHF   900.00
[main] DEBUG Wermuth2015ImportTask - Working on line: 6 Château Pontet Canet, AC/MC, Pauillac, 5e grand
[main] DEBUG Wermuth2015ImportTask - Working on line: cru classé
[main] DEBUG Wermuth2015ImportTask - Working on line: 1 Dutzend Flaschen, 2000,
[main] DEBUG Wermuth2015ImportTask - Working on line: OHK
[main] DEBUG Wermuth2015ImportTask - Working on line: pro Dz. CHF 960-1200 CHF   900.00
[main] DEBUG Wermuth2015ImportTask - Working on line: 7 Château Pontet Canet, AC/MC, Pauillac, 5e grand
[main] DEBUG Wermuth2015ImportTask - Working on line: cru classé
[main] DEBUG Wermuth2015ImportTask - Working on line: 1 Dutzend Flaschen, 2008,
[main] DEBUG Wermuth2015ImportTask - Working on line: OHK
[main] DEBUG Wermuth2015ImportTask - Working on line: pro Dz. CHF 720-960 CHF   720.00
[main] DEBUG Wermuth2015ImportTask - Working on line: 8 Château Pontet Canet, AC/MC, Pauillac, 5e grand
[main] DEBUG Wermuth2015ImportTask - Working on line: cru classé
[main] DEBUG Wermuth2015ImportTask - Working on line: 1 Dutzend Flaschen, 2009,
[main] DEBUG Wermuth2015ImportTask - Working on line: OHK
[main] DEBUG Wermuth2015ImportTask - Working on line: pro Dz. CHF 1800-2400 CHF 1 900.00
[main] DEBUG Wermuth2015ImportTask - Working on line: 9 Château Pontet Canet, AC/MC, Pauillac, 5e grand
[main] DEBUG Wermuth2015ImportTask - Working on line: cru classé
[main] DEBUG Wermuth2015ImportTask - Working on line: 1 Dutzend Flaschen, 2010,
[main] DEBUG Wermuth2015ImportTask - Working on line: OHK
[main] DEBUG Wermuth2015ImportTask - Working on line: pro Dz. CHF 1800-2400 CHF 2 000.00
[main] DEBUG Wermuth2015ImportTask - Working on line: 10 Château Pontet Canet, AC/MC, Pauillac, 5e grand
[main] DEBUG Wermuth2015ImportTask - Working on line: cru classé
[main] DEBUG Wermuth2015ImportTask - Working on line: 1 Dutzend Flaschen, 2011,
[main] DEBUG Wermuth2015ImportTask - Working on line: OHK
[main] DEBUG Wermuth2015ImportTask - Working on line: pro Dz. CHF 780-900 CHF   680.00
[main] DEBUG Wermuth2015ImportTask - Working on line: 11 Château Lafite Rothschild, AC/MC, Pauillac, 1er
[main] DEBUG Wermuth2015ImportTask - Working on line: grand cru classé
[main] DEBUG Wermuth2015ImportTask - Working on line: 4 Flaschen, 2003, in OHK pro Lot CHF 2000-3000 CHF 2 200.00
[main] DEBUG Wermuth2015ImportTask - Working on line: 12 Château Lafite Rothschild, AC/MC, Pauillac, 1er
[main] DEBUG Wermuth2015ImportTask - Working on line: grand cru classé
[main] DEBUG Wermuth2015ImportTask - Working on line: 1 Dutzend Flaschen, 2006,
[main] DEBUG Wermuth2015ImportTask - Working on line: OHK
[main] DEBUG Wermuth2015ImportTask - Working on line: pro Dz. CHF 6000-9000 CHF 5 400.00
[main] DEBUG Wermuth2015ImportTask - Working on line: 13 Château Lafite Rothschild, AC/MC, Pauillac, 1er
[main] DEBUG Wermuth2015ImportTask - Working on line: grand cru classé
[main] DEBUG Wermuth2015ImportTask - Working on line: 1 Dutzend Flaschen, 2008,
[main] DEBUG Wermuth2015ImportTask - Working on line: OHK
[main] DEBUG Wermuth2015ImportTask - Working on line: pro Dz. CHF 6000-9000 CHF 5 900.00
[main] DEBUG Wermuth2015ImportTask - Working on line: 14 Château Latour, AC/MC, Pauillac, 1er grand cru
[main] DEBUG Wermuth2015ImportTask - Working on line: classé
[main] DEBUG Wermuth2015ImportTask - Working on line: 1 Dutzend Flaschen, 2004,
[main] DEBUG Wermuth2015ImportTask - Working on line: OHK
[main] DEBUG Wermuth2015ImportTask - Working on line: pro Dz. CHF 3960-4800 CHF 3 600.00
[main] DEBUG Wermuth2015ImportTask - Working on line: 15 Château Latour, AC/MC, Pauillac, 1er grand cru
[main] DEBUG Wermuth2015ImportTask - Working on line: classé
[main] DEBUG Wermuth2015ImportTask - Working on line: 1 Dutzend Flaschen, 2005,
[main] DEBUG Wermuth2015ImportTask - Working on line: OHK
[main] DEBUG Wermuth2015ImportTask - Working on line: pro Dz. CHF 8400-10800 CHF 7 500.00
[main] DEBUG Wermuth2015ImportTask - Working on line: 16 Château Léoville Barton, AC/MC, St. Julien, 2e
[main] DEBUG Wermuth2015ImportTask - Working on line: grand cru classé
[main] DEBUG Wermuth2015ImportTask - Working on line: 1 Dutzend Flaschen, 2000,
[main] DEBUG Wermuth2015ImportTask - Working on line: OHK
[main] DEBUG Wermuth2015ImportTask - Working on line: pro Dz. CHF 1080-1320 CHF 1 100.00
[main] DEBUG Wermuth2015ImportTask - Working on line: 17 Château Léoville Barton, AC/MC, St. Julien, 2e
[main] DEBUG Wermuth2015ImportTask - Working on line: grand cru classé
[main] DEBUG Wermuth2015ImportTask - Working on line: 1 Dutzend Flaschen, 2003,
[main] DEBUG Wermuth2015ImportTask - Working on line: OHK
[main] DEBUG Wermuth2015ImportTask - Working on line: pro Dz. CHF 900-1080 CHF   900.00
[main] DEBUG Wermuth2015ImportTask - Working on line: 18 Château Léoville Barton, AC/MC, St. Julien, 2e
[main] DEBUG Wermuth2015ImportTask - Working on line: grand cru classé
[main] DEBUG Wermuth2015ImportTask - Working on line: 1 Dutzend Flaschen, 2004,
[main] DEBUG Wermuth2015ImportTask - Working on line: OHK
[main] DEBUG Wermuth2015ImportTask - Working on line: pro Dz. CHF 600-780 CHF   510.00
[main] DEBUG Wermuth2015ImportTask - Working on line: 19 Château Léoville Las Cases, AC/MC, St. Julien,
[main] DEBUG Wermuth2015ImportTask - Working on line: 2e grand cru classé
[main] DEBUG Wermuth2015ImportTask - Working on line: 1 Dutzend Flaschen, 2002,
[main] DEBUG Wermuth2015ImportTask - Working on line: OHK
[main] DEBUG Wermuth2015ImportTask - Working on line: pro Dz. CHF 1800-2400 CHF 1 500.00
[main] DEBUG Wermuth2015ImportTask - Working on line: 20 Château Ducru Beaucaillou, AC/MC, St. Julien, 2e
[main] DEBUG Wermuth2015ImportTask - Working on line: grand cru classé
[main] DEBUG Wermuth2015ImportTask - Working on line: 1 Dutzend Flaschen, 2000,
[main] DEBUG Wermuth2015ImportTask - Working on line: OHK
[main] DEBUG Wermuth2015ImportTask - Working on line: pro Dz. CHF 1680-2160 CHF 1 720.00
[main] DEBUG Wermuth2015ImportTask - Working on line: 21 Château Ducru Beaucaillou, AC/MC, St. Julien, 2e
[main] DEBUG Wermuth2015ImportTask - Working on line: grand cru classé
[main] DEBUG Wermuth2015ImportTask - Working on line: 1 Dutzend Flaschen, 2008,
[main] DEBUG Wermuth2015ImportTask - Working on line: OHK
[main] DEBUG Wermuth2015ImportTask - Working on line: pro Dz. CHF 1080-1320 CHF   960.00
[main] DEBUG Wermuth2015ImportTask - Working on line: 22 Château Haut-Brion, AC/MC, Pessac Léognan, 1er
[main] DEBUG Wermuth2015ImportTask - Working on line: grand cru classé
[main] DEBUG Wermuth2015ImportTask - Working on line: 4 Flaschen, 1996, in OHK pro Lot CHF 1000-1400 CHF 1 000.00
[main] DEBUG Wermuth2015ImportTask - Working on line: 23 Château Haut-Brion, AC/MC, Pessac Léognan, 1er
[main] DEBUG Wermuth2015ImportTask - Working on line: grand cru classé
[main] DEBUG Wermuth2015ImportTask - Working on line: 4 Flaschen, 2008 pro Lot CHF 1000-1400 CHF 1 000.00
[main] DEBUG Wermuth2015ImportTask - Working on line: 24 Château Haut-Brion, AC/MC, Pessac Léognan, 1er
[main] DEBUG Wermuth2015ImportTask - Working on line: grand cru classé
[main] DEBUG Wermuth2015ImportTask - Working on line: 6 Flaschen, 2008, OHK pro Lot CHF 1500-2100 CHF 1 500.00
[main] DEBUG Wermuth2015ImportTask - Working on line: 25 Château Pavie Macquin, AC/MC, St. Emilion, grand
[main] DEBUG Wermuth2015ImportTask - Working on line: cru classé
[main] DEBUG Wermuth2015ImportTask - Working on line: 1 Dutzend Flaschen, 2010,
[main] DEBUG Wermuth2015ImportTask - Working on line: OHK
[main] DEBUG Wermuth2015ImportTask - Working on line: pro Dz. CHF 840-1080 CHF   850.00
[main] DEBUG Wermuth2015ImportTask - Working on line: 26 Château Pavie, AC/MC, St. Emilion, 1er grand cru
[main] DEBUG Wermuth2015ImportTask - Working on line: classé (A)
[main] DEBUG Wermuth2015ImportTask - Working on line: 1 Dutzend Flaschen, 2010,
[main] DEBUG Wermuth2015ImportTask - Working on line: OHK
[main] DEBUG Wermuth2015ImportTask - Working on line: pro Dz. CHF 3240-3960 CHF 3 200.00
[main] DEBUG Wermuth2015ImportTask - Working on line: 27 Château Tertre Rôteboeuf, AC/MC, St. Emilion,
[main] DEBUG Wermuth2015ImportTask - Working on line: grand cru, Vignoble Mitjaville
[main] DEBUG Wermuth2015ImportTask - Working on line: 1 Dutzend Flaschen, 2011,
[main] DEBUG Wermuth2015ImportTask - Working on line: OHK
[main] DEBUG Wermuth2015ImportTask - Working on line: pro Dz. CHF 1800-3000 CHF      -
[main] DEBUG Wermuth2015ImportTask - Working on line: 28 Château Troplong Mondot, AC/MC, St. Emilion, 1er
[main] DEBUG Wermuth2015ImportTask - Working on line: grand cru classé (B)
[main] DEBUG Wermuth2015ImportTask - Working on line: 1 Dutzend Flaschen, 2008,
[main] DEBUG Wermuth2015ImportTask - Working on line: OHK
[main] DEBUG Wermuth2015ImportTask - Working on line: pro Dz. CHF 780-960 CHF      -
[main] DEBUG Wermuth2015ImportTask - Working on line: 29 Château Ausone, AC/MC, St. Emilion, 1er grand
[main] DEBUG Wermuth2015ImportTask - Working on line: cru classé (A)
[main] DEBUG Wermuth2015ImportTask - Working on line: 6 Flaschen, 2005, OHK pro Lot CHF 7200-9000 CHF      -
[main] DEBUG Wermuth2015ImportTask - Working on line: 30 Château Beauséjour, Duffau-Lagarosse, AC/MC, St.
[main] DEBUG Wermuth2015ImportTask - Working on line: Emilion, 1er  grand cru classé (B)
[main] DEBUG Wermuth2015ImportTask - Working on line: 1 Dutzend Flaschen, 2005,
[main] DEBUG Wermuth2015ImportTask - Working on line: OHK
[main] DEBUG Wermuth2015ImportTask - Working on line: pro Dz. CHF 960-1200 CHF      -
[main] DEBUG Wermuth2015ImportTask - Working on line: 31 Château Lafleur, AC/MC, Pomerol, grand cru
[main] DEBUG Wermuth2015ImportTask - Working on line: exceptionnel
[main] DEBUG Wermuth2015ImportTask - Working on line: 6 Flaschen, 2010, OHK pro Lot CHF 4800-6600 CHF 4 800.00
[main] DEBUG Wermuth2015ImportTask - Working on line: 32 Château Pétrus, AC/MC, Pomerol, grand cru
[main] DEBUG Wermuth2015ImportTask - Working on line: exceptionnel
[main] DEBUG Wermuth2015ImportTask - Working on line: 6 Flaschen, 2008, OHK pro Lot CHF 10200-
[main] DEBUG Wermuth2015ImportTask - Working on line: 12600
[main] DEBUG Wermuth2015ImportTask - Working on line: CHF 9 400.00
[main] DEBUG Wermuth2015ImportTask - Working on line: 33 Château Pétrus, AC/MC, Pomerol, grand cru
[main] DEBUG Wermuth2015ImportTask - Working on line: exceptionnel
[main] DEBUG Wermuth2015ImportTask - Working on line: 6 Flaschen, 2012, OHK pro Lot CHF 9000-12000 CHF 9 050.00
[main] DEBUG Wermuth2015ImportTask - Working on line: 34 Dominus, MO/DO, Napa Valley, Dominus Estate 8 Flaschen, 1997, in OHK pro Lot CHF 1200-1600 CHF 1 400.00
[main] ERROR AbstractImportTask - Price info did not look as expected!: 1200-1600 1 400
java.lang.IllegalStateException: Price info did not look as expected!: 1200-1600 1 400
	at ch.persi.java.vino.importers.wermuth.format2015.Wermuth2015ImportTask.processLotPricing(Wermuth2015ImportTask.java:205)
	at ch.persi.java.vino.importers.wermuth.format2015.Wermuth2015ImportTask.processLine(Wermuth2015ImportTask.java:141)
	at ch.persi.java.vino.importers.wermuth.format2015.Wermuth2015ImportTask.saveWineOfferings(Wermuth2015ImportTask.java:97)
	at ch.persi.java.vino.importers.AbstractImportTask.importFile(AbstractImportTask.java:61)
	at ch.persi.java.vino.importers.wermuth.format2015.Wermuth2015ImportTask.execute(Wermuth2015ImportTask.java:73)
	at ch.persi.java.vino.importers.wermuth.WermuthImporter.runImport(WermuthImporter.java:27)
	at ch.persi.java.vino.importers.wermuth.WermuthStarter.main(WermuthStarter.java:16)
[main] INFO Wermuth2015ImportTask - Import of file WZ-256_12032016_Resultate.pdf successfully done
